Copyright 1986-2022 Xilinx, Inc. All Rights Reserved. Copyright 2022-2024 Advanced Micro Devices, Inc. All Rights Reserved.
-----------------------------------------------------------------------------------------------------------------------------------------------
| Tool Version : Vivado v.2024.1 (win64) Build 5076996 Wed May 22 18:37:14 MDT 2024
| Date         : Sat Dec  7 23:23:29 2024
| Host         : LAPTOP-IJ1CABOK running 64-bit major release  (build 9200)
| Command      : report_methodology -file top_methodology_drc_routed.rpt -pb top_methodology_drc_routed.pb -rpx top_methodology_drc_routed.rpx
| Design       : top
| Device       : xc7a35tcpg236-1
| Speed File   : -1
| Design State : Fully Routed
-----------------------------------------------------------------------------------------------------------------------------------------------

Report Methodology

Table of Contents
-----------------
1. REPORT SUMMARY
2. REPORT DETAILS

1. REPORT SUMMARY
-----------------
            Netlist: netlist
          Floorplan: design_1
      Design limits: <entire design considered>
             Max violations: <unlimited>
             Violations found: 470
+-----------+------------------+-------------------------------------------+------------+
| Rule      | Severity         | Description                               | Violations |
+-----------+------------------+-------------------------------------------+------------+
| TIMING-17 | Critical Warning | Non-clocked sequential cell               | 429        |
| LUTAR-1   | Warning          | LUT drives async reset alert              | 16         |
| TIMING-18 | Warning          | Missing input or output delay             | 15         |
| TIMING-20 | Warning          | Non-clocked latch                         | 8          |
| ULMTCS-2  | Warning          | Control Sets use limits require reduction | 1          |
| LATCH-1   | Advisory         | Existing latches in the design            | 1          |
+-----------+------------------+-------------------------------------------+------------+

2. REPORT DETAILS
-----------------
TIMING-17#1 Critical Warning
Non-clocked sequential cell  
The clock pin display_out_reg[0]_C/C is not reached by a timing clock
Related violations: <none>

TIMING-17#2 Critical Warning
Non-clocked sequential cell  
The clock pin display_out_reg[0]_P/C is not reached by a timing clock
Related violations: <none>

TIMING-17#3 Critical Warning
Non-clocked sequential cell  
The clock pin display_out_reg[1]_C/C is not reached by a timing clock
Related violations: <none>

TIMING-17#4 Critical Warning
Non-clocked sequential cell  
The clock pin display_out_reg[1]_P/C is not reached by a timing clock
Related violations: <none>

TIMING-17#5 Critical Warning
Non-clocked sequential cell  
The clock pin display_out_reg[2]_C/C is not reached by a timing clock
Related violations: <none>

TIMING-17#6 Critical Warning
Non-clocked sequential cell  
The clock pin display_out_reg[2]_P/C is not reached by a timing clock
Related violations: <none>

TIMING-17#7 Critical Warning
Non-clocked sequential cell  
The clock pin display_out_reg[3]_C/C is not reached by a timing clock
Related violations: <none>

TIMING-17#8 Critical Warning
Non-clocked sequential cell  
The clock pin display_out_reg[3]_P/C is not reached by a timing clock
Related violations: <none>

TIMING-17#9 Critical Warning
Non-clocked sequential cell  
The clock pin display_out_reg[4]_C/C is not reached by a timing clock
Related violations: <none>

TIMING-17#10 Critical Warning
Non-clocked sequential cell  
The clock pin display_out_reg[4]_P/C is not reached by a timing clock
Related violations: <none>

TIMING-17#11 Critical Warning
Non-clocked sequential cell  
The clock pin display_out_reg[5]_C/C is not reached by a timing clock
Related violations: <none>

TIMING-17#12 Critical Warning
Non-clocked sequential cell  
The clock pin display_out_reg[5]_P/C is not reached by a timing clock
Related violations: <none>

TIMING-17#13 Critical Warning
Non-clocked sequential cell  
The clock pin display_out_reg[6]_C/C is not reached by a timing clock
Related violations: <none>

TIMING-17#14 Critical Warning
Non-clocked sequential cell  
The clock pin display_out_reg[6]_P/C is not reached by a timing clock
Related violations: <none>

TIMING-17#15 Critical Warning
Non-clocked sequential cell  
The clock pin display_out_reg[7]_C/C is not reached by a timing clock
Related violations: <none>

TIMING-17#16 Critical Warning
Non-clocked sequential cell  
The clock pin display_out_reg[7]_P/C is not reached by a timing clock
Related violations: <none>

TIMING-17#17 Critical Warning
Non-clocked sequential cell  
The clock pin ffdiv/clkDiv_reg/C is not reached by a timing clock
Related violations: <none>

TIMING-17#18 Critical Warning
Non-clocked sequential cell  
The clock pin genblk1[10].div/clkDiv_reg/C is not reached by a timing clock
Related violations: <none>

TIMING-17#19 Critical Warning
Non-clocked sequential cell  
The clock pin genblk1[11].div/clkDiv_reg/C is not reached by a timing clock
Related violations: <none>

TIMING-17#20 Critical Warning
Non-clocked sequential cell  
The clock pin genblk1[12].div/clkDiv_reg/C is not reached by a timing clock
Related violations: <none>

TIMING-17#21 Critical Warning
Non-clocked sequential cell  
The clock pin genblk1[13].div/clkDiv_reg/C is not reached by a timing clock
Related violations: <none>

TIMING-17#22 Critical Warning
Non-clocked sequential cell  
The clock pin genblk1[14].div/clkDiv_reg/C is not reached by a timing clock
Related violations: <none>

TIMING-17#23 Critical Warning
Non-clocked sequential cell  
The clock pin genblk1[15].div/clkDiv_reg/C is not reached by a timing clock
Related violations: <none>

TIMING-17#24 Critical Warning
Non-clocked sequential cell  
The clock pin genblk1[16].div/clkDiv_reg/C is not reached by a timing clock
Related violations: <none>

TIMING-17#25 Critical Warning
Non-clocked sequential cell  
The clock pin genblk1[17].div/clkDiv_reg/C is not reached by a timing clock
Related violations: <none>

TIMING-17#26 Critical Warning
Non-clocked sequential cell  
The clock pin genblk1[1].div/clkDiv_reg/C is not reached by a timing clock
Related violations: <none>

TIMING-17#27 Critical Warning
Non-clocked sequential cell  
The clock pin genblk1[2].div/clkDiv_reg/C is not reached by a timing clock
Related violations: <none>

TIMING-17#28 Critical Warning
Non-clocked sequential cell  
The clock pin genblk1[3].div/clkDiv_reg/C is not reached by a timing clock
Related violations: <none>

TIMING-17#29 Critical Warning
Non-clocked sequential cell  
The clock pin genblk1[4].div/clkDiv_reg/C is not reached by a timing clock
Related violations: <none>

TIMING-17#30 Critical Warning
Non-clocked sequential cell  
The clock pin genblk1[5].div/clkDiv_reg/C is not reached by a timing clock
Related violations: <none>

TIMING-17#31 Critical Warning
Non-clocked sequential cell  
The clock pin genblk1[6].div/clkDiv_reg/C is not reached by a timing clock
Related violations: <none>

TIMING-17#32 Critical Warning
Non-clocked sequential cell  
The clock pin genblk1[7].div/clkDiv_reg/C is not reached by a timing clock
Related violations: <none>

TIMING-17#33 Critical Warning
Non-clocked sequential cell  
The clock pin genblk1[8].div/clkDiv_reg/C is not reached by a timing clock
Related violations: <none>

TIMING-17#34 Critical Warning
Non-clocked sequential cell  
The clock pin genblk1[9].div/clkDiv_reg/C is not reached by a timing clock
Related violations: <none>

TIMING-17#35 Critical Warning
Non-clocked sequential cell  
The clock pin tdm/ps_reg[0]/C is not reached by a timing clock
Related violations: <none>

TIMING-17#36 Critical Warning
Non-clocked sequential cell  
The clock pin tdm/ps_reg[1]/C is not reached by a timing clock
Related violations: <none>

TIMING-17#37 Critical Warning
Non-clocked sequential cell  
The clock pin uartBoardToBoard/en_reg/C is not reached by a timing clock
Related violations: <none>

TIMING-17#38 Critical Warning
Non-clocked sequential cell  
The clock pin uartBoardToBoard/last_rec_reg/C is not reached by a timing clock
Related violations: <none>

TIMING-17#39 Critical Warning
Non-clocked sequential cell  
The clock pin uartBoardToBoard/receiver/count_reg[0]/C is not reached by a timing clock
Related violations: <none>

TIMING-17#40 Critical Warning
Non-clocked sequential cell  
The clock pin uartBoardToBoard/receiver/count_reg[1]/C is not reached by a timing clock
Related violations: <none>

TIMING-17#41 Critical Warning
Non-clocked sequential cell  
The clock pin uartBoardToBoard/receiver/count_reg[2]/C is not reached by a timing clock
Related violations: <none>

TIMING-17#42 Critical Warning
Non-clocked sequential cell  
The clock pin uartBoardToBoard/receiver/count_reg[3]/C is not reached by a timing clock
Related violations: <none>

TIMING-17#43 Critical Warning
Non-clocked sequential cell  
The clock pin uartBoardToBoard/receiver/count_reg[4]/C is not reached by a timing clock
Related violations: <none>

TIMING-17#44 Critical Warning
Non-clocked sequential cell  
The clock pin uartBoardToBoard/receiver/count_reg[5]/C is not reached by a timing clock
Related violations: <none>

TIMING-17#45 Critical Warning
Non-clocked sequential cell  
The clock pin uartBoardToBoard/receiver/count_reg[6]/C is not reached by a timing clock
Related violations: <none>

TIMING-17#46 Critical Warning
Non-clocked sequential cell  
The clock pin uartBoardToBoard/receiver/count_reg[7]/C is not reached by a timing clock
Related violations: <none>

TIMING-17#47 Critical Warning
Non-clocked sequential cell  
The clock pin uartBoardToBoard/receiver/data_out_reg[0]/C is not reached by a timing clock
Related violations: <none>

TIMING-17#48 Critical Warning
Non-clocked sequential cell  
The clock pin uartBoardToBoard/receiver/data_out_reg[1]/C is not reached by a timing clock
Related violations: <none>

TIMING-17#49 Critical Warning
Non-clocked sequential cell  
The clock pin uartBoardToBoard/receiver/data_out_reg[2]/C is not reached by a timing clock
Related violations: <none>

TIMING-17#50 Critical Warning
Non-clocked sequential cell  
The clock pin uartBoardToBoard/receiver/data_out_reg[3]/C is not reached by a timing clock
Related violations: <none>

TIMING-17#51 Critical Warning
Non-clocked sequential cell  
The clock pin uartBoardToBoard/receiver/data_out_reg[4]/C is not reached by a timing clock
Related violations: <none>

TIMING-17#52 Critical Warning
Non-clocked sequential cell  
The clock pin uartBoardToBoard/receiver/data_out_reg[5]/C is not reached by a timing clock
Related violations: <none>

TIMING-17#53 Critical Warning
Non-clocked sequential cell  
The clock pin uartBoardToBoard/receiver/data_out_reg[6]/C is not reached by a timing clock
Related violations: <none>

TIMING-17#54 Critical Warning
Non-clocked sequential cell  
The clock pin uartBoardToBoard/receiver/data_out_reg[7]/C is not reached by a timing clock
Related violations: <none>

TIMING-17#55 Critical Warning
Non-clocked sequential cell  
The clock pin uartBoardToBoard/receiver/last_bit_reg/C is not reached by a timing clock
Related violations: <none>

TIMING-17#56 Critical Warning
Non-clocked sequential cell  
The clock pin uartBoardToBoard/receiver/received_reg/C is not reached by a timing clock
Related violations: <none>

TIMING-17#57 Critical Warning
Non-clocked sequential cell  
The clock pin uartBoardToBoard/receiver/receiving_reg/C is not reached by a timing clock
Related violations: <none>

TIMING-17#58 Critical Warning
Non-clocked sequential cell  
The clock pin uartBoardToBoard/transmitter/bit_out_reg/C is not reached by a timing clock
Related violations: <none>

TIMING-17#59 Critical Warning
Non-clocked sequential cell  
The clock pin uartBoardToBoard/transmitter/count_reg[0]/C is not reached by a timing clock
Related violations: <none>

TIMING-17#60 Critical Warning
Non-clocked sequential cell  
The clock pin uartBoardToBoard/transmitter/count_reg[1]/C is not reached by a timing clock
Related violations: <none>

TIMING-17#61 Critical Warning
Non-clocked sequential cell  
The clock pin uartBoardToBoard/transmitter/count_reg[2]/C is not reached by a timing clock
Related violations: <none>

TIMING-17#62 Critical Warning
Non-clocked sequential cell  
The clock pin uartBoardToBoard/transmitter/count_reg[3]/C is not reached by a timing clock
Related violations: <none>

TIMING-17#63 Critical Warning
Non-clocked sequential cell  
The clock pin uartBoardToBoard/transmitter/count_reg[4]/C is not reached by a timing clock
Related violations: <none>

TIMING-17#64 Critical Warning
Non-clocked sequential cell  
The clock pin uartBoardToBoard/transmitter/count_reg[5]/C is not reached by a timing clock
Related violations: <none>

TIMING-17#65 Critical Warning
Non-clocked sequential cell  
The clock pin uartBoardToBoard/transmitter/count_reg[6]/C is not reached by a timing clock
Related violations: <none>

TIMING-17#66 Critical Warning
Non-clocked sequential cell  
The clock pin uartBoardToBoard/transmitter/count_reg[7]/C is not reached by a timing clock
Related violations: <none>

TIMING-17#67 Critical Warning
Non-clocked sequential cell  
The clock pin uartBoardToBoard/transmitter/last_ena_reg/C is not reached by a timing clock
Related violations: <none>

TIMING-17#68 Critical Warning
Non-clocked sequential cell  
The clock pin uartBoardToBoard/transmitter/sending_reg/C is not reached by a timing clock
Related violations: <none>

TIMING-17#69 Critical Warning
Non-clocked sequential cell  
The clock pin uartBoardToBoard/transmitter/temp_reg[0]/C is not reached by a timing clock
Related violations: <none>

TIMING-17#70 Critical Warning
Non-clocked sequential cell  
The clock pin uartBoardToBoard/transmitter/temp_reg[1]/C is not reached by a timing clock
Related violations: <none>

TIMING-17#71 Critical Warning
Non-clocked sequential cell  
The clock pin uartBoardToBoard/transmitter/temp_reg[2]/C is not reached by a timing clock
Related violations: <none>

TIMING-17#72 Critical Warning
Non-clocked sequential cell  
The clock pin uartBoardToBoard/transmitter/temp_reg[3]/C is not reached by a timing clock
Related violations: <none>

TIMING-17#73 Critical Warning
Non-clocked sequential cell  
The clock pin uartBoardToBoard/transmitter/temp_reg[4]/C is not reached by a timing clock
Related violations: <none>

TIMING-17#74 Critical Warning
Non-clocked sequential cell  
The clock pin uartBoardToBoard/transmitter/temp_reg[5]/C is not reached by a timing clock
Related violations: <none>

TIMING-17#75 Critical Warning
Non-clocked sequential cell  
The clock pin uartBoardToBoard/transmitter/temp_reg[6]/C is not reached by a timing clock
Related violations: <none>

TIMING-17#76 Critical Warning
Non-clocked sequential cell  
The clock pin uartBoardToBoard/transmitter/temp_reg[7]/C is not reached by a timing clock
Related violations: <none>

TIMING-17#77 Critical Warning
Non-clocked sequential cell  
The clock pin uartMyKeyboardToMyBasys/en_reg/C is not reached by a timing clock
Related violations: <none>

TIMING-17#78 Critical Warning
Non-clocked sequential cell  
The clock pin uartMyKeyboardToMyBasys/last_rec_reg/C is not reached by a timing clock
Related violations: <none>

TIMING-17#79 Critical Warning
Non-clocked sequential cell  
The clock pin uartMyKeyboardToMyBasys/receiver/count_reg[0]/C is not reached by a timing clock
Related violations: <none>

TIMING-17#80 Critical Warning
Non-clocked sequential cell  
The clock pin uartMyKeyboardToMyBasys/receiver/count_reg[1]/C is not reached by a timing clock
Related violations: <none>

TIMING-17#81 Critical Warning
Non-clocked sequential cell  
The clock pin uartMyKeyboardToMyBasys/receiver/count_reg[2]/C is not reached by a timing clock
Related violations: <none>

TIMING-17#82 Critical Warning
Non-clocked sequential cell  
The clock pin uartMyKeyboardToMyBasys/receiver/count_reg[3]/C is not reached by a timing clock
Related violations: <none>

TIMING-17#83 Critical Warning
Non-clocked sequential cell  
The clock pin uartMyKeyboardToMyBasys/receiver/count_reg[4]/C is not reached by a timing clock
Related violations: <none>

TIMING-17#84 Critical Warning
Non-clocked sequential cell  
The clock pin uartMyKeyboardToMyBasys/receiver/count_reg[5]/C is not reached by a timing clock
Related violations: <none>

TIMING-17#85 Critical Warning
Non-clocked sequential cell  
The clock pin uartMyKeyboardToMyBasys/receiver/count_reg[6]/C is not reached by a timing clock
Related violations: <none>

TIMING-17#86 Critical Warning
Non-clocked sequential cell  
The clock pin uartMyKeyboardToMyBasys/receiver/count_reg[7]/C is not reached by a timing clock
Related violations: <none>

TIMING-17#87 Critical Warning
Non-clocked sequential cell  
The clock pin uartMyKeyboardToMyBasys/receiver/data_out_reg[0]/C is not reached by a timing clock
Related violations: <none>

TIMING-17#88 Critical Warning
Non-clocked sequential cell  
The clock pin uartMyKeyboardToMyBasys/receiver/data_out_reg[0]_rep/C is not reached by a timing clock
Related violations: <none>

TIMING-17#89 Critical Warning
Non-clocked sequential cell  
The clock pin uartMyKeyboardToMyBasys/receiver/data_out_reg[0]_rep__0/C is not reached by a timing clock
Related violations: <none>

TIMING-17#90 Critical Warning
Non-clocked sequential cell  
The clock pin uartMyKeyboardToMyBasys/receiver/data_out_reg[0]_rep__1/C is not reached by a timing clock
Related violations: <none>

TIMING-17#91 Critical Warning
Non-clocked sequential cell  
The clock pin uartMyKeyboardToMyBasys/receiver/data_out_reg[0]_rep__10/C is not reached by a timing clock
Related violations: <none>

TIMING-17#92 Critical Warning
Non-clocked sequential cell  
The clock pin uartMyKeyboardToMyBasys/receiver/data_out_reg[0]_rep__11/C is not reached by a timing clock
Related violations: <none>

TIMING-17#93 Critical Warning
Non-clocked sequential cell  
The clock pin uartMyKeyboardToMyBasys/receiver/data_out_reg[0]_rep__12/C is not reached by a timing clock
Related violations: <none>

TIMING-17#94 Critical Warning
Non-clocked sequential cell  
The clock pin uartMyKeyboardToMyBasys/receiver/data_out_reg[0]_rep__13/C is not reached by a timing clock
Related violations: <none>

TIMING-17#95 Critical Warning
Non-clocked sequential cell  
The clock pin uartMyKeyboardToMyBasys/receiver/data_out_reg[0]_rep__14/C is not reached by a timing clock
Related violations: <none>

TIMING-17#96 Critical Warning
Non-clocked sequential cell  
The clock pin uartMyKeyboardToMyBasys/receiver/data_out_reg[0]_rep__15/C is not reached by a timing clock
Related violations: <none>

TIMING-17#97 Critical Warning
Non-clocked sequential cell  
The clock pin uartMyKeyboardToMyBasys/receiver/data_out_reg[0]_rep__16/C is not reached by a timing clock
Related violations: <none>

TIMING-17#98 Critical Warning
Non-clocked sequential cell  
The clock pin uartMyKeyboardToMyBasys/receiver/data_out_reg[0]_rep__17/C is not reached by a timing clock
Related violations: <none>

TIMING-17#99 Critical Warning
Non-clocked sequential cell  
The clock pin uartMyKeyboardToMyBasys/receiver/data_out_reg[0]_rep__18/C is not reached by a timing clock
Related violations: <none>

TIMING-17#100 Critical Warning
Non-clocked sequential cell  
The clock pin uartMyKeyboardToMyBasys/receiver/data_out_reg[0]_rep__19/C is not reached by a timing clock
Related violations: <none>

TIMING-17#101 Critical Warning
Non-clocked sequential cell  
The clock pin uartMyKeyboardToMyBasys/receiver/data_out_reg[0]_rep__2/C is not reached by a timing clock
Related violations: <none>

TIMING-17#102 Critical Warning
Non-clocked sequential cell  
The clock pin uartMyKeyboardToMyBasys/receiver/data_out_reg[0]_rep__20/C is not reached by a timing clock
Related violations: <none>

TIMING-17#103 Critical Warning
Non-clocked sequential cell  
The clock pin uartMyKeyboardToMyBasys/receiver/data_out_reg[0]_rep__21/C is not reached by a timing clock
Related violations: <none>

TIMING-17#104 Critical Warning
Non-clocked sequential cell  
The clock pin uartMyKeyboardToMyBasys/receiver/data_out_reg[0]_rep__22/C is not reached by a timing clock
Related violations: <none>

TIMING-17#105 Critical Warning
Non-clocked sequential cell  
The clock pin uartMyKeyboardToMyBasys/receiver/data_out_reg[0]_rep__23/C is not reached by a timing clock
Related violations: <none>

TIMING-17#106 Critical Warning
Non-clocked sequential cell  
The clock pin uartMyKeyboardToMyBasys/receiver/data_out_reg[0]_rep__24/C is not reached by a timing clock
Related violations: <none>

TIMING-17#107 Critical Warning
Non-clocked sequential cell  
The clock pin uartMyKeyboardToMyBasys/receiver/data_out_reg[0]_rep__25/C is not reached by a timing clock
Related violations: <none>

TIMING-17#108 Critical Warning
Non-clocked sequential cell  
The clock pin uartMyKeyboardToMyBasys/receiver/data_out_reg[0]_rep__26/C is not reached by a timing clock
Related violations: <none>

TIMING-17#109 Critical Warning
Non-clocked sequential cell  
The clock pin uartMyKeyboardToMyBasys/receiver/data_out_reg[0]_rep__27/C is not reached by a timing clock
Related violations: <none>

TIMING-17#110 Critical Warning
Non-clocked sequential cell  
The clock pin uartMyKeyboardToMyBasys/receiver/data_out_reg[0]_rep__28/C is not reached by a timing clock
Related violations: <none>

TIMING-17#111 Critical Warning
Non-clocked sequential cell  
The clock pin uartMyKeyboardToMyBasys/receiver/data_out_reg[0]_rep__29/C is not reached by a timing clock
Related violations: <none>

TIMING-17#112 Critical Warning
Non-clocked sequential cell  
The clock pin uartMyKeyboardToMyBasys/receiver/data_out_reg[0]_rep__3/C is not reached by a timing clock
Related violations: <none>

TIMING-17#113 Critical Warning
Non-clocked sequential cell  
The clock pin uartMyKeyboardToMyBasys/receiver/data_out_reg[0]_rep__30/C is not reached by a timing clock
Related violations: <none>

TIMING-17#114 Critical Warning
Non-clocked sequential cell  
The clock pin uartMyKeyboardToMyBasys/receiver/data_out_reg[0]_rep__31/C is not reached by a timing clock
Related violations: <none>

TIMING-17#115 Critical Warning
Non-clocked sequential cell  
The clock pin uartMyKeyboardToMyBasys/receiver/data_out_reg[0]_rep__4/C is not reached by a timing clock
Related violations: <none>

TIMING-17#116 Critical Warning
Non-clocked sequential cell  
The clock pin uartMyKeyboardToMyBasys/receiver/data_out_reg[0]_rep__5/C is not reached by a timing clock
Related violations: <none>

TIMING-17#117 Critical Warning
Non-clocked sequential cell  
The clock pin uartMyKeyboardToMyBasys/receiver/data_out_reg[0]_rep__6/C is not reached by a timing clock
Related violations: <none>

TIMING-17#118 Critical Warning
Non-clocked sequential cell  
The clock pin uartMyKeyboardToMyBasys/receiver/data_out_reg[0]_rep__7/C is not reached by a timing clock
Related violations: <none>

TIMING-17#119 Critical Warning
Non-clocked sequential cell  
The clock pin uartMyKeyboardToMyBasys/receiver/data_out_reg[0]_rep__8/C is not reached by a timing clock
Related violations: <none>

TIMING-17#120 Critical Warning
Non-clocked sequential cell  
The clock pin uartMyKeyboardToMyBasys/receiver/data_out_reg[0]_rep__9/C is not reached by a timing clock
Related violations: <none>

TIMING-17#121 Critical Warning
Non-clocked sequential cell  
The clock pin uartMyKeyboardToMyBasys/receiver/data_out_reg[1]/C is not reached by a timing clock
Related violations: <none>

TIMING-17#122 Critical Warning
Non-clocked sequential cell  
The clock pin uartMyKeyboardToMyBasys/receiver/data_out_reg[1]_rep/C is not reached by a timing clock
Related violations: <none>

TIMING-17#123 Critical Warning
Non-clocked sequential cell  
The clock pin uartMyKeyboardToMyBasys/receiver/data_out_reg[1]_rep__0/C is not reached by a timing clock
Related violations: <none>

TIMING-17#124 Critical Warning
Non-clocked sequential cell  
The clock pin uartMyKeyboardToMyBasys/receiver/data_out_reg[1]_rep__1/C is not reached by a timing clock
Related violations: <none>

TIMING-17#125 Critical Warning
Non-clocked sequential cell  
The clock pin uartMyKeyboardToMyBasys/receiver/data_out_reg[1]_rep__10/C is not reached by a timing clock
Related violations: <none>

TIMING-17#126 Critical Warning
Non-clocked sequential cell  
The clock pin uartMyKeyboardToMyBasys/receiver/data_out_reg[1]_rep__11/C is not reached by a timing clock
Related violations: <none>

TIMING-17#127 Critical Warning
Non-clocked sequential cell  
The clock pin uartMyKeyboardToMyBasys/receiver/data_out_reg[1]_rep__12/C is not reached by a timing clock
Related violations: <none>

TIMING-17#128 Critical Warning
Non-clocked sequential cell  
The clock pin uartMyKeyboardToMyBasys/receiver/data_out_reg[1]_rep__13/C is not reached by a timing clock
Related violations: <none>

TIMING-17#129 Critical Warning
Non-clocked sequential cell  
The clock pin uartMyKeyboardToMyBasys/receiver/data_out_reg[1]_rep__14/C is not reached by a timing clock
Related violations: <none>

TIMING-17#130 Critical Warning
Non-clocked sequential cell  
The clock pin uartMyKeyboardToMyBasys/receiver/data_out_reg[1]_rep__15/C is not reached by a timing clock
Related violations: <none>

TIMING-17#131 Critical Warning
Non-clocked sequential cell  
The clock pin uartMyKeyboardToMyBasys/receiver/data_out_reg[1]_rep__16/C is not reached by a timing clock
Related violations: <none>

TIMING-17#132 Critical Warning
Non-clocked sequential cell  
The clock pin uartMyKeyboardToMyBasys/receiver/data_out_reg[1]_rep__17/C is not reached by a timing clock
Related violations: <none>

TIMING-17#133 Critical Warning
Non-clocked sequential cell  
The clock pin uartMyKeyboardToMyBasys/receiver/data_out_reg[1]_rep__18/C is not reached by a timing clock
Related violations: <none>

TIMING-17#134 Critical Warning
Non-clocked sequential cell  
The clock pin uartMyKeyboardToMyBasys/receiver/data_out_reg[1]_rep__19/C is not reached by a timing clock
Related violations: <none>

TIMING-17#135 Critical Warning
Non-clocked sequential cell  
The clock pin uartMyKeyboardToMyBasys/receiver/data_out_reg[1]_rep__2/C is not reached by a timing clock
Related violations: <none>

TIMING-17#136 Critical Warning
Non-clocked sequential cell  
The clock pin uartMyKeyboardToMyBasys/receiver/data_out_reg[1]_rep__20/C is not reached by a timing clock
Related violations: <none>

TIMING-17#137 Critical Warning
Non-clocked sequential cell  
The clock pin uartMyKeyboardToMyBasys/receiver/data_out_reg[1]_rep__21/C is not reached by a timing clock
Related violations: <none>

TIMING-17#138 Critical Warning
Non-clocked sequential cell  
The clock pin uartMyKeyboardToMyBasys/receiver/data_out_reg[1]_rep__22/C is not reached by a timing clock
Related violations: <none>

TIMING-17#139 Critical Warning
Non-clocked sequential cell  
The clock pin uartMyKeyboardToMyBasys/receiver/data_out_reg[1]_rep__23/C is not reached by a timing clock
Related violations: <none>

TIMING-17#140 Critical Warning
Non-clocked sequential cell  
The clock pin uartMyKeyboardToMyBasys/receiver/data_out_reg[1]_rep__24/C is not reached by a timing clock
Related violations: <none>

TIMING-17#141 Critical Warning
Non-clocked sequential cell  
The clock pin uartMyKeyboardToMyBasys/receiver/data_out_reg[1]_rep__25/C is not reached by a timing clock
Related violations: <none>

TIMING-17#142 Critical Warning
Non-clocked sequential cell  
The clock pin uartMyKeyboardToMyBasys/receiver/data_out_reg[1]_rep__26/C is not reached by a timing clock
Related violations: <none>

TIMING-17#143 Critical Warning
Non-clocked sequential cell  
The clock pin uartMyKeyboardToMyBasys/receiver/data_out_reg[1]_rep__27/C is not reached by a timing clock
Related violations: <none>

TIMING-17#144 Critical Warning
Non-clocked sequential cell  
The clock pin uartMyKeyboardToMyBasys/receiver/data_out_reg[1]_rep__28/C is not reached by a timing clock
Related violations: <none>

TIMING-17#145 Critical Warning
Non-clocked sequential cell  
The clock pin uartMyKeyboardToMyBasys/receiver/data_out_reg[1]_rep__29/C is not reached by a timing clock
Related violations: <none>

TIMING-17#146 Critical Warning
Non-clocked sequential cell  
The clock pin uartMyKeyboardToMyBasys/receiver/data_out_reg[1]_rep__3/C is not reached by a timing clock
Related violations: <none>

TIMING-17#147 Critical Warning
Non-clocked sequential cell  
The clock pin uartMyKeyboardToMyBasys/receiver/data_out_reg[1]_rep__30/C is not reached by a timing clock
Related violations: <none>

TIMING-17#148 Critical Warning
Non-clocked sequential cell  
The clock pin uartMyKeyboardToMyBasys/receiver/data_out_reg[1]_rep__31/C is not reached by a timing clock
Related violations: <none>

TIMING-17#149 Critical Warning
Non-clocked sequential cell  
The clock pin uartMyKeyboardToMyBasys/receiver/data_out_reg[1]_rep__4/C is not reached by a timing clock
Related violations: <none>

TIMING-17#150 Critical Warning
Non-clocked sequential cell  
The clock pin uartMyKeyboardToMyBasys/receiver/data_out_reg[1]_rep__5/C is not reached by a timing clock
Related violations: <none>

TIMING-17#151 Critical Warning
Non-clocked sequential cell  
The clock pin uartMyKeyboardToMyBasys/receiver/data_out_reg[1]_rep__6/C is not reached by a timing clock
Related violations: <none>

TIMING-17#152 Critical Warning
Non-clocked sequential cell  
The clock pin uartMyKeyboardToMyBasys/receiver/data_out_reg[1]_rep__7/C is not reached by a timing clock
Related violations: <none>

TIMING-17#153 Critical Warning
Non-clocked sequential cell  
The clock pin uartMyKeyboardToMyBasys/receiver/data_out_reg[1]_rep__8/C is not reached by a timing clock
Related violations: <none>

TIMING-17#154 Critical Warning
Non-clocked sequential cell  
The clock pin uartMyKeyboardToMyBasys/receiver/data_out_reg[1]_rep__9/C is not reached by a timing clock
Related violations: <none>

TIMING-17#155 Critical Warning
Non-clocked sequential cell  
The clock pin uartMyKeyboardToMyBasys/receiver/data_out_reg[2]/C is not reached by a timing clock
Related violations: <none>

TIMING-17#156 Critical Warning
Non-clocked sequential cell  
The clock pin uartMyKeyboardToMyBasys/receiver/data_out_reg[2]_rep/C is not reached by a timing clock
Related violations: <none>

TIMING-17#157 Critical Warning
Non-clocked sequential cell  
The clock pin uartMyKeyboardToMyBasys/receiver/data_out_reg[2]_rep__0/C is not reached by a timing clock
Related violations: <none>

TIMING-17#158 Critical Warning
Non-clocked sequential cell  
The clock pin uartMyKeyboardToMyBasys/receiver/data_out_reg[2]_rep__1/C is not reached by a timing clock
Related violations: <none>

TIMING-17#159 Critical Warning
Non-clocked sequential cell  
The clock pin uartMyKeyboardToMyBasys/receiver/data_out_reg[2]_rep__10/C is not reached by a timing clock
Related violations: <none>

TIMING-17#160 Critical Warning
Non-clocked sequential cell  
The clock pin uartMyKeyboardToMyBasys/receiver/data_out_reg[2]_rep__11/C is not reached by a timing clock
Related violations: <none>

TIMING-17#161 Critical Warning
Non-clocked sequential cell  
The clock pin uartMyKeyboardToMyBasys/receiver/data_out_reg[2]_rep__12/C is not reached by a timing clock
Related violations: <none>

TIMING-17#162 Critical Warning
Non-clocked sequential cell  
The clock pin uartMyKeyboardToMyBasys/receiver/data_out_reg[2]_rep__13/C is not reached by a timing clock
Related violations: <none>

TIMING-17#163 Critical Warning
Non-clocked sequential cell  
The clock pin uartMyKeyboardToMyBasys/receiver/data_out_reg[2]_rep__14/C is not reached by a timing clock
Related violations: <none>

TIMING-17#164 Critical Warning
Non-clocked sequential cell  
The clock pin uartMyKeyboardToMyBasys/receiver/data_out_reg[2]_rep__15/C is not reached by a timing clock
Related violations: <none>

TIMING-17#165 Critical Warning
Non-clocked sequential cell  
The clock pin uartMyKeyboardToMyBasys/receiver/data_out_reg[2]_rep__16/C is not reached by a timing clock
Related violations: <none>

TIMING-17#166 Critical Warning
Non-clocked sequential cell  
The clock pin uartMyKeyboardToMyBasys/receiver/data_out_reg[2]_rep__17/C is not reached by a timing clock
Related violations: <none>

TIMING-17#167 Critical Warning
Non-clocked sequential cell  
The clock pin uartMyKeyboardToMyBasys/receiver/data_out_reg[2]_rep__18/C is not reached by a timing clock
Related violations: <none>

TIMING-17#168 Critical Warning
Non-clocked sequential cell  
The clock pin uartMyKeyboardToMyBasys/receiver/data_out_reg[2]_rep__19/C is not reached by a timing clock
Related violations: <none>

TIMING-17#169 Critical Warning
Non-clocked sequential cell  
The clock pin uartMyKeyboardToMyBasys/receiver/data_out_reg[2]_rep__2/C is not reached by a timing clock
Related violations: <none>

TIMING-17#170 Critical Warning
Non-clocked sequential cell  
The clock pin uartMyKeyboardToMyBasys/receiver/data_out_reg[2]_rep__20/C is not reached by a timing clock
Related violations: <none>

TIMING-17#171 Critical Warning
Non-clocked sequential cell  
The clock pin uartMyKeyboardToMyBasys/receiver/data_out_reg[2]_rep__21/C is not reached by a timing clock
Related violations: <none>

TIMING-17#172 Critical Warning
Non-clocked sequential cell  
The clock pin uartMyKeyboardToMyBasys/receiver/data_out_reg[2]_rep__22/C is not reached by a timing clock
Related violations: <none>

TIMING-17#173 Critical Warning
Non-clocked sequential cell  
The clock pin uartMyKeyboardToMyBasys/receiver/data_out_reg[2]_rep__23/C is not reached by a timing clock
Related violations: <none>

TIMING-17#174 Critical Warning
Non-clocked sequential cell  
The clock pin uartMyKeyboardToMyBasys/receiver/data_out_reg[2]_rep__24/C is not reached by a timing clock
Related violations: <none>

TIMING-17#175 Critical Warning
Non-clocked sequential cell  
The clock pin uartMyKeyboardToMyBasys/receiver/data_out_reg[2]_rep__25/C is not reached by a timing clock
Related violations: <none>

TIMING-17#176 Critical Warning
Non-clocked sequential cell  
The clock pin uartMyKeyboardToMyBasys/receiver/data_out_reg[2]_rep__26/C is not reached by a timing clock
Related violations: <none>

TIMING-17#177 Critical Warning
Non-clocked sequential cell  
The clock pin uartMyKeyboardToMyBasys/receiver/data_out_reg[2]_rep__27/C is not reached by a timing clock
Related violations: <none>

TIMING-17#178 Critical Warning
Non-clocked sequential cell  
The clock pin uartMyKeyboardToMyBasys/receiver/data_out_reg[2]_rep__28/C is not reached by a timing clock
Related violations: <none>

TIMING-17#179 Critical Warning
Non-clocked sequential cell  
The clock pin uartMyKeyboardToMyBasys/receiver/data_out_reg[2]_rep__29/C is not reached by a timing clock
Related violations: <none>

TIMING-17#180 Critical Warning
Non-clocked sequential cell  
The clock pin uartMyKeyboardToMyBasys/receiver/data_out_reg[2]_rep__3/C is not reached by a timing clock
Related violations: <none>

TIMING-17#181 Critical Warning
Non-clocked sequential cell  
The clock pin uartMyKeyboardToMyBasys/receiver/data_out_reg[2]_rep__30/C is not reached by a timing clock
Related violations: <none>

TIMING-17#182 Critical Warning
Non-clocked sequential cell  
The clock pin uartMyKeyboardToMyBasys/receiver/data_out_reg[2]_rep__31/C is not reached by a timing clock
Related violations: <none>

TIMING-17#183 Critical Warning
Non-clocked sequential cell  
The clock pin uartMyKeyboardToMyBasys/receiver/data_out_reg[2]_rep__4/C is not reached by a timing clock
Related violations: <none>

TIMING-17#184 Critical Warning
Non-clocked sequential cell  
The clock pin uartMyKeyboardToMyBasys/receiver/data_out_reg[2]_rep__5/C is not reached by a timing clock
Related violations: <none>

TIMING-17#185 Critical Warning
Non-clocked sequential cell  
The clock pin uartMyKeyboardToMyBasys/receiver/data_out_reg[2]_rep__6/C is not reached by a timing clock
Related violations: <none>

TIMING-17#186 Critical Warning
Non-clocked sequential cell  
The clock pin uartMyKeyboardToMyBasys/receiver/data_out_reg[2]_rep__7/C is not reached by a timing clock
Related violations: <none>

TIMING-17#187 Critical Warning
Non-clocked sequential cell  
The clock pin uartMyKeyboardToMyBasys/receiver/data_out_reg[2]_rep__8/C is not reached by a timing clock
Related violations: <none>

TIMING-17#188 Critical Warning
Non-clocked sequential cell  
The clock pin uartMyKeyboardToMyBasys/receiver/data_out_reg[2]_rep__9/C is not reached by a timing clock
Related violations: <none>

TIMING-17#189 Critical Warning
Non-clocked sequential cell  
The clock pin uartMyKeyboardToMyBasys/receiver/data_out_reg[3]/C is not reached by a timing clock
Related violations: <none>

TIMING-17#190 Critical Warning
Non-clocked sequential cell  
The clock pin uartMyKeyboardToMyBasys/receiver/data_out_reg[3]_rep/C is not reached by a timing clock
Related violations: <none>

TIMING-17#191 Critical Warning
Non-clocked sequential cell  
The clock pin uartMyKeyboardToMyBasys/receiver/data_out_reg[3]_rep__0/C is not reached by a timing clock
Related violations: <none>

TIMING-17#192 Critical Warning
Non-clocked sequential cell  
The clock pin uartMyKeyboardToMyBasys/receiver/data_out_reg[3]_rep__1/C is not reached by a timing clock
Related violations: <none>

TIMING-17#193 Critical Warning
Non-clocked sequential cell  
The clock pin uartMyKeyboardToMyBasys/receiver/data_out_reg[3]_rep__10/C is not reached by a timing clock
Related violations: <none>

TIMING-17#194 Critical Warning
Non-clocked sequential cell  
The clock pin uartMyKeyboardToMyBasys/receiver/data_out_reg[3]_rep__11/C is not reached by a timing clock
Related violations: <none>

TIMING-17#195 Critical Warning
Non-clocked sequential cell  
The clock pin uartMyKeyboardToMyBasys/receiver/data_out_reg[3]_rep__12/C is not reached by a timing clock
Related violations: <none>

TIMING-17#196 Critical Warning
Non-clocked sequential cell  
The clock pin uartMyKeyboardToMyBasys/receiver/data_out_reg[3]_rep__13/C is not reached by a timing clock
Related violations: <none>

TIMING-17#197 Critical Warning
Non-clocked sequential cell  
The clock pin uartMyKeyboardToMyBasys/receiver/data_out_reg[3]_rep__14/C is not reached by a timing clock
Related violations: <none>

TIMING-17#198 Critical Warning
Non-clocked sequential cell  
The clock pin uartMyKeyboardToMyBasys/receiver/data_out_reg[3]_rep__15/C is not reached by a timing clock
Related violations: <none>

TIMING-17#199 Critical Warning
Non-clocked sequential cell  
The clock pin uartMyKeyboardToMyBasys/receiver/data_out_reg[3]_rep__16/C is not reached by a timing clock
Related violations: <none>

TIMING-17#200 Critical Warning
Non-clocked sequential cell  
The clock pin uartMyKeyboardToMyBasys/receiver/data_out_reg[3]_rep__17/C is not reached by a timing clock
Related violations: <none>

TIMING-17#201 Critical Warning
Non-clocked sequential cell  
The clock pin uartMyKeyboardToMyBasys/receiver/data_out_reg[3]_rep__18/C is not reached by a timing clock
Related violations: <none>

TIMING-17#202 Critical Warning
Non-clocked sequential cell  
The clock pin uartMyKeyboardToMyBasys/receiver/data_out_reg[3]_rep__19/C is not reached by a timing clock
Related violations: <none>

TIMING-17#203 Critical Warning
Non-clocked sequential cell  
The clock pin uartMyKeyboardToMyBasys/receiver/data_out_reg[3]_rep__2/C is not reached by a timing clock
Related violations: <none>

TIMING-17#204 Critical Warning
Non-clocked sequential cell  
The clock pin uartMyKeyboardToMyBasys/receiver/data_out_reg[3]_rep__20/C is not reached by a timing clock
Related violations: <none>

TIMING-17#205 Critical Warning
Non-clocked sequential cell  
The clock pin uartMyKeyboardToMyBasys/receiver/data_out_reg[3]_rep__21/C is not reached by a timing clock
Related violations: <none>

TIMING-17#206 Critical Warning
Non-clocked sequential cell  
The clock pin uartMyKeyboardToMyBasys/receiver/data_out_reg[3]_rep__22/C is not reached by a timing clock
Related violations: <none>

TIMING-17#207 Critical Warning
Non-clocked sequential cell  
The clock pin uartMyKeyboardToMyBasys/receiver/data_out_reg[3]_rep__23/C is not reached by a timing clock
Related violations: <none>

TIMING-17#208 Critical Warning
Non-clocked sequential cell  
The clock pin uartMyKeyboardToMyBasys/receiver/data_out_reg[3]_rep__24/C is not reached by a timing clock
Related violations: <none>

TIMING-17#209 Critical Warning
Non-clocked sequential cell  
The clock pin uartMyKeyboardToMyBasys/receiver/data_out_reg[3]_rep__25/C is not reached by a timing clock
Related violations: <none>

TIMING-17#210 Critical Warning
Non-clocked sequential cell  
The clock pin uartMyKeyboardToMyBasys/receiver/data_out_reg[3]_rep__26/C is not reached by a timing clock
Related violations: <none>

TIMING-17#211 Critical Warning
Non-clocked sequential cell  
The clock pin uartMyKeyboardToMyBasys/receiver/data_out_reg[3]_rep__27/C is not reached by a timing clock
Related violations: <none>

TIMING-17#212 Critical Warning
Non-clocked sequential cell  
The clock pin uartMyKeyboardToMyBasys/receiver/data_out_reg[3]_rep__28/C is not reached by a timing clock
Related violations: <none>

TIMING-17#213 Critical Warning
Non-clocked sequential cell  
The clock pin uartMyKeyboardToMyBasys/receiver/data_out_reg[3]_rep__29/C is not reached by a timing clock
Related violations: <none>

TIMING-17#214 Critical Warning
Non-clocked sequential cell  
The clock pin uartMyKeyboardToMyBasys/receiver/data_out_reg[3]_rep__3/C is not reached by a timing clock
Related violations: <none>

TIMING-17#215 Critical Warning
Non-clocked sequential cell  
The clock pin uartMyKeyboardToMyBasys/receiver/data_out_reg[3]_rep__30/C is not reached by a timing clock
Related violations: <none>

TIMING-17#216 Critical Warning
Non-clocked sequential cell  
The clock pin uartMyKeyboardToMyBasys/receiver/data_out_reg[3]_rep__31/C is not reached by a timing clock
Related violations: <none>

TIMING-17#217 Critical Warning
Non-clocked sequential cell  
The clock pin uartMyKeyboardToMyBasys/receiver/data_out_reg[3]_rep__4/C is not reached by a timing clock
Related violations: <none>

TIMING-17#218 Critical Warning
Non-clocked sequential cell  
The clock pin uartMyKeyboardToMyBasys/receiver/data_out_reg[3]_rep__5/C is not reached by a timing clock
Related violations: <none>

TIMING-17#219 Critical Warning
Non-clocked sequential cell  
The clock pin uartMyKeyboardToMyBasys/receiver/data_out_reg[3]_rep__6/C is not reached by a timing clock
Related violations: <none>

TIMING-17#220 Critical Warning
Non-clocked sequential cell  
The clock pin uartMyKeyboardToMyBasys/receiver/data_out_reg[3]_rep__7/C is not reached by a timing clock
Related violations: <none>

TIMING-17#221 Critical Warning
Non-clocked sequential cell  
The clock pin uartMyKeyboardToMyBasys/receiver/data_out_reg[3]_rep__8/C is not reached by a timing clock
Related violations: <none>

TIMING-17#222 Critical Warning
Non-clocked sequential cell  
The clock pin uartMyKeyboardToMyBasys/receiver/data_out_reg[3]_rep__9/C is not reached by a timing clock
Related violations: <none>

TIMING-17#223 Critical Warning
Non-clocked sequential cell  
The clock pin uartMyKeyboardToMyBasys/receiver/data_out_reg[4]/C is not reached by a timing clock
Related violations: <none>

TIMING-17#224 Critical Warning
Non-clocked sequential cell  
The clock pin uartMyKeyboardToMyBasys/receiver/data_out_reg[4]_rep/C is not reached by a timing clock
Related violations: <none>

TIMING-17#225 Critical Warning
Non-clocked sequential cell  
The clock pin uartMyKeyboardToMyBasys/receiver/data_out_reg[4]_rep__0/C is not reached by a timing clock
Related violations: <none>

TIMING-17#226 Critical Warning
Non-clocked sequential cell  
The clock pin uartMyKeyboardToMyBasys/receiver/data_out_reg[4]_rep__1/C is not reached by a timing clock
Related violations: <none>

TIMING-17#227 Critical Warning
Non-clocked sequential cell  
The clock pin uartMyKeyboardToMyBasys/receiver/data_out_reg[4]_rep__10/C is not reached by a timing clock
Related violations: <none>

TIMING-17#228 Critical Warning
Non-clocked sequential cell  
The clock pin uartMyKeyboardToMyBasys/receiver/data_out_reg[4]_rep__11/C is not reached by a timing clock
Related violations: <none>

TIMING-17#229 Critical Warning
Non-clocked sequential cell  
The clock pin uartMyKeyboardToMyBasys/receiver/data_out_reg[4]_rep__12/C is not reached by a timing clock
Related violations: <none>

TIMING-17#230 Critical Warning
Non-clocked sequential cell  
The clock pin uartMyKeyboardToMyBasys/receiver/data_out_reg[4]_rep__13/C is not reached by a timing clock
Related violations: <none>

TIMING-17#231 Critical Warning
Non-clocked sequential cell  
The clock pin uartMyKeyboardToMyBasys/receiver/data_out_reg[4]_rep__14/C is not reached by a timing clock
Related violations: <none>

TIMING-17#232 Critical Warning
Non-clocked sequential cell  
The clock pin uartMyKeyboardToMyBasys/receiver/data_out_reg[4]_rep__15/C is not reached by a timing clock
Related violations: <none>

TIMING-17#233 Critical Warning
Non-clocked sequential cell  
The clock pin uartMyKeyboardToMyBasys/receiver/data_out_reg[4]_rep__16/C is not reached by a timing clock
Related violations: <none>

TIMING-17#234 Critical Warning
Non-clocked sequential cell  
The clock pin uartMyKeyboardToMyBasys/receiver/data_out_reg[4]_rep__17/C is not reached by a timing clock
Related violations: <none>

TIMING-17#235 Critical Warning
Non-clocked sequential cell  
The clock pin uartMyKeyboardToMyBasys/receiver/data_out_reg[4]_rep__18/C is not reached by a timing clock
Related violations: <none>

TIMING-17#236 Critical Warning
Non-clocked sequential cell  
The clock pin uartMyKeyboardToMyBasys/receiver/data_out_reg[4]_rep__19/C is not reached by a timing clock
Related violations: <none>

TIMING-17#237 Critical Warning
Non-clocked sequential cell  
The clock pin uartMyKeyboardToMyBasys/receiver/data_out_reg[4]_rep__2/C is not reached by a timing clock
Related violations: <none>

TIMING-17#238 Critical Warning
Non-clocked sequential cell  
The clock pin uartMyKeyboardToMyBasys/receiver/data_out_reg[4]_rep__20/C is not reached by a timing clock
Related violations: <none>

TIMING-17#239 Critical Warning
Non-clocked sequential cell  
The clock pin uartMyKeyboardToMyBasys/receiver/data_out_reg[4]_rep__21/C is not reached by a timing clock
Related violations: <none>

TIMING-17#240 Critical Warning
Non-clocked sequential cell  
The clock pin uartMyKeyboardToMyBasys/receiver/data_out_reg[4]_rep__22/C is not reached by a timing clock
Related violations: <none>

TIMING-17#241 Critical Warning
Non-clocked sequential cell  
The clock pin uartMyKeyboardToMyBasys/receiver/data_out_reg[4]_rep__23/C is not reached by a timing clock
Related violations: <none>

TIMING-17#242 Critical Warning
Non-clocked sequential cell  
The clock pin uartMyKeyboardToMyBasys/receiver/data_out_reg[4]_rep__24/C is not reached by a timing clock
Related violations: <none>

TIMING-17#243 Critical Warning
Non-clocked sequential cell  
The clock pin uartMyKeyboardToMyBasys/receiver/data_out_reg[4]_rep__25/C is not reached by a timing clock
Related violations: <none>

TIMING-17#244 Critical Warning
Non-clocked sequential cell  
The clock pin uartMyKeyboardToMyBasys/receiver/data_out_reg[4]_rep__26/C is not reached by a timing clock
Related violations: <none>

TIMING-17#245 Critical Warning
Non-clocked sequential cell  
The clock pin uartMyKeyboardToMyBasys/receiver/data_out_reg[4]_rep__27/C is not reached by a timing clock
Related violations: <none>

TIMING-17#246 Critical Warning
Non-clocked sequential cell  
The clock pin uartMyKeyboardToMyBasys/receiver/data_out_reg[4]_rep__28/C is not reached by a timing clock
Related violations: <none>

TIMING-17#247 Critical Warning
Non-clocked sequential cell  
The clock pin uartMyKeyboardToMyBasys/receiver/data_out_reg[4]_rep__29/C is not reached by a timing clock
Related violations: <none>

TIMING-17#248 Critical Warning
Non-clocked sequential cell  
The clock pin uartMyKeyboardToMyBasys/receiver/data_out_reg[4]_rep__3/C is not reached by a timing clock
Related violations: <none>

TIMING-17#249 Critical Warning
Non-clocked sequential cell  
The clock pin uartMyKeyboardToMyBasys/receiver/data_out_reg[4]_rep__30/C is not reached by a timing clock
Related violations: <none>

TIMING-17#250 Critical Warning
Non-clocked sequential cell  
The clock pin uartMyKeyboardToMyBasys/receiver/data_out_reg[4]_rep__31/C is not reached by a timing clock
Related violations: <none>

TIMING-17#251 Critical Warning
Non-clocked sequential cell  
The clock pin uartMyKeyboardToMyBasys/receiver/data_out_reg[4]_rep__4/C is not reached by a timing clock
Related violations: <none>

TIMING-17#252 Critical Warning
Non-clocked sequential cell  
The clock pin uartMyKeyboardToMyBasys/receiver/data_out_reg[4]_rep__5/C is not reached by a timing clock
Related violations: <none>

TIMING-17#253 Critical Warning
Non-clocked sequential cell  
The clock pin uartMyKeyboardToMyBasys/receiver/data_out_reg[4]_rep__6/C is not reached by a timing clock
Related violations: <none>

TIMING-17#254 Critical Warning
Non-clocked sequential cell  
The clock pin uartMyKeyboardToMyBasys/receiver/data_out_reg[4]_rep__7/C is not reached by a timing clock
Related violations: <none>

TIMING-17#255 Critical Warning
Non-clocked sequential cell  
The clock pin uartMyKeyboardToMyBasys/receiver/data_out_reg[4]_rep__8/C is not reached by a timing clock
Related violations: <none>

TIMING-17#256 Critical Warning
Non-clocked sequential cell  
The clock pin uartMyKeyboardToMyBasys/receiver/data_out_reg[4]_rep__9/C is not reached by a timing clock
Related violations: <none>

TIMING-17#257 Critical Warning
Non-clocked sequential cell  
The clock pin uartMyKeyboardToMyBasys/receiver/data_out_reg[5]/C is not reached by a timing clock
Related violations: <none>

TIMING-17#258 Critical Warning
Non-clocked sequential cell  
The clock pin uartMyKeyboardToMyBasys/receiver/data_out_reg[5]_rep/C is not reached by a timing clock
Related violations: <none>

TIMING-17#259 Critical Warning
Non-clocked sequential cell  
The clock pin uartMyKeyboardToMyBasys/receiver/data_out_reg[5]_rep__0/C is not reached by a timing clock
Related violations: <none>

TIMING-17#260 Critical Warning
Non-clocked sequential cell  
The clock pin uartMyKeyboardToMyBasys/receiver/data_out_reg[5]_rep__1/C is not reached by a timing clock
Related violations: <none>

TIMING-17#261 Critical Warning
Non-clocked sequential cell  
The clock pin uartMyKeyboardToMyBasys/receiver/data_out_reg[5]_rep__10/C is not reached by a timing clock
Related violations: <none>

TIMING-17#262 Critical Warning
Non-clocked sequential cell  
The clock pin uartMyKeyboardToMyBasys/receiver/data_out_reg[5]_rep__11/C is not reached by a timing clock
Related violations: <none>

TIMING-17#263 Critical Warning
Non-clocked sequential cell  
The clock pin uartMyKeyboardToMyBasys/receiver/data_out_reg[5]_rep__12/C is not reached by a timing clock
Related violations: <none>

TIMING-17#264 Critical Warning
Non-clocked sequential cell  
The clock pin uartMyKeyboardToMyBasys/receiver/data_out_reg[5]_rep__13/C is not reached by a timing clock
Related violations: <none>

TIMING-17#265 Critical Warning
Non-clocked sequential cell  
The clock pin uartMyKeyboardToMyBasys/receiver/data_out_reg[5]_rep__14/C is not reached by a timing clock
Related violations: <none>

TIMING-17#266 Critical Warning
Non-clocked sequential cell  
The clock pin uartMyKeyboardToMyBasys/receiver/data_out_reg[5]_rep__15/C is not reached by a timing clock
Related violations: <none>

TIMING-17#267 Critical Warning
Non-clocked sequential cell  
The clock pin uartMyKeyboardToMyBasys/receiver/data_out_reg[5]_rep__16/C is not reached by a timing clock
Related violations: <none>

TIMING-17#268 Critical Warning
Non-clocked sequential cell  
The clock pin uartMyKeyboardToMyBasys/receiver/data_out_reg[5]_rep__17/C is not reached by a timing clock
Related violations: <none>

TIMING-17#269 Critical Warning
Non-clocked sequential cell  
The clock pin uartMyKeyboardToMyBasys/receiver/data_out_reg[5]_rep__18/C is not reached by a timing clock
Related violations: <none>

TIMING-17#270 Critical Warning
Non-clocked sequential cell  
The clock pin uartMyKeyboardToMyBasys/receiver/data_out_reg[5]_rep__19/C is not reached by a timing clock
Related violations: <none>

TIMING-17#271 Critical Warning
Non-clocked sequential cell  
The clock pin uartMyKeyboardToMyBasys/receiver/data_out_reg[5]_rep__2/C is not reached by a timing clock
Related violations: <none>

TIMING-17#272 Critical Warning
Non-clocked sequential cell  
The clock pin uartMyKeyboardToMyBasys/receiver/data_out_reg[5]_rep__20/C is not reached by a timing clock
Related violations: <none>

TIMING-17#273 Critical Warning
Non-clocked sequential cell  
The clock pin uartMyKeyboardToMyBasys/receiver/data_out_reg[5]_rep__21/C is not reached by a timing clock
Related violations: <none>

TIMING-17#274 Critical Warning
Non-clocked sequential cell  
The clock pin uartMyKeyboardToMyBasys/receiver/data_out_reg[5]_rep__22/C is not reached by a timing clock
Related violations: <none>

TIMING-17#275 Critical Warning
Non-clocked sequential cell  
The clock pin uartMyKeyboardToMyBasys/receiver/data_out_reg[5]_rep__23/C is not reached by a timing clock
Related violations: <none>

TIMING-17#276 Critical Warning
Non-clocked sequential cell  
The clock pin uartMyKeyboardToMyBasys/receiver/data_out_reg[5]_rep__24/C is not reached by a timing clock
Related violations: <none>

TIMING-17#277 Critical Warning
Non-clocked sequential cell  
The clock pin uartMyKeyboardToMyBasys/receiver/data_out_reg[5]_rep__25/C is not reached by a timing clock
Related violations: <none>

TIMING-17#278 Critical Warning
Non-clocked sequential cell  
The clock pin uartMyKeyboardToMyBasys/receiver/data_out_reg[5]_rep__26/C is not reached by a timing clock
Related violations: <none>

TIMING-17#279 Critical Warning
Non-clocked sequential cell  
The clock pin uartMyKeyboardToMyBasys/receiver/data_out_reg[5]_rep__27/C is not reached by a timing clock
Related violations: <none>

TIMING-17#280 Critical Warning
Non-clocked sequential cell  
The clock pin uartMyKeyboardToMyBasys/receiver/data_out_reg[5]_rep__28/C is not reached by a timing clock
Related violations: <none>

TIMING-17#281 Critical Warning
Non-clocked sequential cell  
The clock pin uartMyKeyboardToMyBasys/receiver/data_out_reg[5]_rep__29/C is not reached by a timing clock
Related violations: <none>

TIMING-17#282 Critical Warning
Non-clocked sequential cell  
The clock pin uartMyKeyboardToMyBasys/receiver/data_out_reg[5]_rep__3/C is not reached by a timing clock
Related violations: <none>

TIMING-17#283 Critical Warning
Non-clocked sequential cell  
The clock pin uartMyKeyboardToMyBasys/receiver/data_out_reg[5]_rep__30/C is not reached by a timing clock
Related violations: <none>

TIMING-17#284 Critical Warning
Non-clocked sequential cell  
The clock pin uartMyKeyboardToMyBasys/receiver/data_out_reg[5]_rep__31/C is not reached by a timing clock
Related violations: <none>

TIMING-17#285 Critical Warning
Non-clocked sequential cell  
The clock pin uartMyKeyboardToMyBasys/receiver/data_out_reg[5]_rep__4/C is not reached by a timing clock
Related violations: <none>

TIMING-17#286 Critical Warning
Non-clocked sequential cell  
The clock pin uartMyKeyboardToMyBasys/receiver/data_out_reg[5]_rep__5/C is not reached by a timing clock
Related violations: <none>

TIMING-17#287 Critical Warning
Non-clocked sequential cell  
The clock pin uartMyKeyboardToMyBasys/receiver/data_out_reg[5]_rep__6/C is not reached by a timing clock
Related violations: <none>

TIMING-17#288 Critical Warning
Non-clocked sequential cell  
The clock pin uartMyKeyboardToMyBasys/receiver/data_out_reg[5]_rep__7/C is not reached by a timing clock
Related violations: <none>

TIMING-17#289 Critical Warning
Non-clocked sequential cell  
The clock pin uartMyKeyboardToMyBasys/receiver/data_out_reg[5]_rep__8/C is not reached by a timing clock
Related violations: <none>

TIMING-17#290 Critical Warning
Non-clocked sequential cell  
The clock pin uartMyKeyboardToMyBasys/receiver/data_out_reg[5]_rep__9/C is not reached by a timing clock
Related violations: <none>

TIMING-17#291 Critical Warning
Non-clocked sequential cell  
The clock pin uartMyKeyboardToMyBasys/receiver/data_out_reg[6]/C is not reached by a timing clock
Related violations: <none>

TIMING-17#292 Critical Warning
Non-clocked sequential cell  
The clock pin uartMyKeyboardToMyBasys/receiver/data_out_reg[6]_rep/C is not reached by a timing clock
Related violations: <none>

TIMING-17#293 Critical Warning
Non-clocked sequential cell  
The clock pin uartMyKeyboardToMyBasys/receiver/data_out_reg[6]_rep__0/C is not reached by a timing clock
Related violations: <none>

TIMING-17#294 Critical Warning
Non-clocked sequential cell  
The clock pin uartMyKeyboardToMyBasys/receiver/data_out_reg[6]_rep__1/C is not reached by a timing clock
Related violations: <none>

TIMING-17#295 Critical Warning
Non-clocked sequential cell  
The clock pin uartMyKeyboardToMyBasys/receiver/data_out_reg[6]_rep__10/C is not reached by a timing clock
Related violations: <none>

TIMING-17#296 Critical Warning
Non-clocked sequential cell  
The clock pin uartMyKeyboardToMyBasys/receiver/data_out_reg[6]_rep__11/C is not reached by a timing clock
Related violations: <none>

TIMING-17#297 Critical Warning
Non-clocked sequential cell  
The clock pin uartMyKeyboardToMyBasys/receiver/data_out_reg[6]_rep__12/C is not reached by a timing clock
Related violations: <none>

TIMING-17#298 Critical Warning
Non-clocked sequential cell  
The clock pin uartMyKeyboardToMyBasys/receiver/data_out_reg[6]_rep__13/C is not reached by a timing clock
Related violations: <none>

TIMING-17#299 Critical Warning
Non-clocked sequential cell  
The clock pin uartMyKeyboardToMyBasys/receiver/data_out_reg[6]_rep__14/C is not reached by a timing clock
Related violations: <none>

TIMING-17#300 Critical Warning
Non-clocked sequential cell  
The clock pin uartMyKeyboardToMyBasys/receiver/data_out_reg[6]_rep__15/C is not reached by a timing clock
Related violations: <none>

TIMING-17#301 Critical Warning
Non-clocked sequential cell  
The clock pin uartMyKeyboardToMyBasys/receiver/data_out_reg[6]_rep__16/C is not reached by a timing clock
Related violations: <none>

TIMING-17#302 Critical Warning
Non-clocked sequential cell  
The clock pin uartMyKeyboardToMyBasys/receiver/data_out_reg[6]_rep__17/C is not reached by a timing clock
Related violations: <none>

TIMING-17#303 Critical Warning
Non-clocked sequential cell  
The clock pin uartMyKeyboardToMyBasys/receiver/data_out_reg[6]_rep__18/C is not reached by a timing clock
Related violations: <none>

TIMING-17#304 Critical Warning
Non-clocked sequential cell  
The clock pin uartMyKeyboardToMyBasys/receiver/data_out_reg[6]_rep__19/C is not reached by a timing clock
Related violations: <none>

TIMING-17#305 Critical Warning
Non-clocked sequential cell  
The clock pin uartMyKeyboardToMyBasys/receiver/data_out_reg[6]_rep__2/C is not reached by a timing clock
Related violations: <none>

TIMING-17#306 Critical Warning
Non-clocked sequential cell  
The clock pin uartMyKeyboardToMyBasys/receiver/data_out_reg[6]_rep__20/C is not reached by a timing clock
Related violations: <none>

TIMING-17#307 Critical Warning
Non-clocked sequential cell  
The clock pin uartMyKeyboardToMyBasys/receiver/data_out_reg[6]_rep__21/C is not reached by a timing clock
Related violations: <none>

TIMING-17#308 Critical Warning
Non-clocked sequential cell  
The clock pin uartMyKeyboardToMyBasys/receiver/data_out_reg[6]_rep__22/C is not reached by a timing clock
Related violations: <none>

TIMING-17#309 Critical Warning
Non-clocked sequential cell  
The clock pin uartMyKeyboardToMyBasys/receiver/data_out_reg[6]_rep__23/C is not reached by a timing clock
Related violations: <none>

TIMING-17#310 Critical Warning
Non-clocked sequential cell  
The clock pin uartMyKeyboardToMyBasys/receiver/data_out_reg[6]_rep__24/C is not reached by a timing clock
Related violations: <none>

TIMING-17#311 Critical Warning
Non-clocked sequential cell  
The clock pin uartMyKeyboardToMyBasys/receiver/data_out_reg[6]_rep__25/C is not reached by a timing clock
Related violations: <none>

TIMING-17#312 Critical Warning
Non-clocked sequential cell  
The clock pin uartMyKeyboardToMyBasys/receiver/data_out_reg[6]_rep__26/C is not reached by a timing clock
Related violations: <none>

TIMING-17#313 Critical Warning
Non-clocked sequential cell  
The clock pin uartMyKeyboardToMyBasys/receiver/data_out_reg[6]_rep__27/C is not reached by a timing clock
Related violations: <none>

TIMING-17#314 Critical Warning
Non-clocked sequential cell  
The clock pin uartMyKeyboardToMyBasys/receiver/data_out_reg[6]_rep__28/C is not reached by a timing clock
Related violations: <none>

TIMING-17#315 Critical Warning
Non-clocked sequential cell  
The clock pin uartMyKeyboardToMyBasys/receiver/data_out_reg[6]_rep__29/C is not reached by a timing clock
Related violations: <none>

TIMING-17#316 Critical Warning
Non-clocked sequential cell  
The clock pin uartMyKeyboardToMyBasys/receiver/data_out_reg[6]_rep__3/C is not reached by a timing clock
Related violations: <none>

TIMING-17#317 Critical Warning
Non-clocked sequential cell  
The clock pin uartMyKeyboardToMyBasys/receiver/data_out_reg[6]_rep__30/C is not reached by a timing clock
Related violations: <none>

TIMING-17#318 Critical Warning
Non-clocked sequential cell  
The clock pin uartMyKeyboardToMyBasys/receiver/data_out_reg[6]_rep__31/C is not reached by a timing clock
Related violations: <none>

TIMING-17#319 Critical Warning
Non-clocked sequential cell  
The clock pin uartMyKeyboardToMyBasys/receiver/data_out_reg[6]_rep__4/C is not reached by a timing clock
Related violations: <none>

TIMING-17#320 Critical Warning
Non-clocked sequential cell  
The clock pin uartMyKeyboardToMyBasys/receiver/data_out_reg[6]_rep__5/C is not reached by a timing clock
Related violations: <none>

TIMING-17#321 Critical Warning
Non-clocked sequential cell  
The clock pin uartMyKeyboardToMyBasys/receiver/data_out_reg[6]_rep__6/C is not reached by a timing clock
Related violations: <none>

TIMING-17#322 Critical Warning
Non-clocked sequential cell  
The clock pin uartMyKeyboardToMyBasys/receiver/data_out_reg[6]_rep__7/C is not reached by a timing clock
Related violations: <none>

TIMING-17#323 Critical Warning
Non-clocked sequential cell  
The clock pin uartMyKeyboardToMyBasys/receiver/data_out_reg[6]_rep__8/C is not reached by a timing clock
Related violations: <none>

TIMING-17#324 Critical Warning
Non-clocked sequential cell  
The clock pin uartMyKeyboardToMyBasys/receiver/data_out_reg[6]_rep__9/C is not reached by a timing clock
Related violations: <none>

TIMING-17#325 Critical Warning
Non-clocked sequential cell  
The clock pin uartMyKeyboardToMyBasys/receiver/data_out_reg[7]/C is not reached by a timing clock
Related violations: <none>

TIMING-17#326 Critical Warning
Non-clocked sequential cell  
The clock pin uartMyKeyboardToMyBasys/receiver/data_out_reg[7]_rep/C is not reached by a timing clock
Related violations: <none>

TIMING-17#327 Critical Warning
Non-clocked sequential cell  
The clock pin uartMyKeyboardToMyBasys/receiver/data_out_reg[7]_rep__0/C is not reached by a timing clock
Related violations: <none>

TIMING-17#328 Critical Warning
Non-clocked sequential cell  
The clock pin uartMyKeyboardToMyBasys/receiver/data_out_reg[7]_rep__1/C is not reached by a timing clock
Related violations: <none>

TIMING-17#329 Critical Warning
Non-clocked sequential cell  
The clock pin uartMyKeyboardToMyBasys/receiver/data_out_reg[7]_rep__10/C is not reached by a timing clock
Related violations: <none>

TIMING-17#330 Critical Warning
Non-clocked sequential cell  
The clock pin uartMyKeyboardToMyBasys/receiver/data_out_reg[7]_rep__11/C is not reached by a timing clock
Related violations: <none>

TIMING-17#331 Critical Warning
Non-clocked sequential cell  
The clock pin uartMyKeyboardToMyBasys/receiver/data_out_reg[7]_rep__12/C is not reached by a timing clock
Related violations: <none>

TIMING-17#332 Critical Warning
Non-clocked sequential cell  
The clock pin uartMyKeyboardToMyBasys/receiver/data_out_reg[7]_rep__13/C is not reached by a timing clock
Related violations: <none>

TIMING-17#333 Critical Warning
Non-clocked sequential cell  
The clock pin uartMyKeyboardToMyBasys/receiver/data_out_reg[7]_rep__14/C is not reached by a timing clock
Related violations: <none>

TIMING-17#334 Critical Warning
Non-clocked sequential cell  
The clock pin uartMyKeyboardToMyBasys/receiver/data_out_reg[7]_rep__15/C is not reached by a timing clock
Related violations: <none>

TIMING-17#335 Critical Warning
Non-clocked sequential cell  
The clock pin uartMyKeyboardToMyBasys/receiver/data_out_reg[7]_rep__16/C is not reached by a timing clock
Related violations: <none>

TIMING-17#336 Critical Warning
Non-clocked sequential cell  
The clock pin uartMyKeyboardToMyBasys/receiver/data_out_reg[7]_rep__17/C is not reached by a timing clock
Related violations: <none>

TIMING-17#337 Critical Warning
Non-clocked sequential cell  
The clock pin uartMyKeyboardToMyBasys/receiver/data_out_reg[7]_rep__18/C is not reached by a timing clock
Related violations: <none>

TIMING-17#338 Critical Warning
Non-clocked sequential cell  
The clock pin uartMyKeyboardToMyBasys/receiver/data_out_reg[7]_rep__19/C is not reached by a timing clock
Related violations: <none>

TIMING-17#339 Critical Warning
Non-clocked sequential cell  
The clock pin uartMyKeyboardToMyBasys/receiver/data_out_reg[7]_rep__2/C is not reached by a timing clock
Related violations: <none>

TIMING-17#340 Critical Warning
Non-clocked sequential cell  
The clock pin uartMyKeyboardToMyBasys/receiver/data_out_reg[7]_rep__20/C is not reached by a timing clock
Related violations: <none>

TIMING-17#341 Critical Warning
Non-clocked sequential cell  
The clock pin uartMyKeyboardToMyBasys/receiver/data_out_reg[7]_rep__21/C is not reached by a timing clock
Related violations: <none>

TIMING-17#342 Critical Warning
Non-clocked sequential cell  
The clock pin uartMyKeyboardToMyBasys/receiver/data_out_reg[7]_rep__22/C is not reached by a timing clock
Related violations: <none>

TIMING-17#343 Critical Warning
Non-clocked sequential cell  
The clock pin uartMyKeyboardToMyBasys/receiver/data_out_reg[7]_rep__23/C is not reached by a timing clock
Related violations: <none>

TIMING-17#344 Critical Warning
Non-clocked sequential cell  
The clock pin uartMyKeyboardToMyBasys/receiver/data_out_reg[7]_rep__24/C is not reached by a timing clock
Related violations: <none>

TIMING-17#345 Critical Warning
Non-clocked sequential cell  
The clock pin uartMyKeyboardToMyBasys/receiver/data_out_reg[7]_rep__25/C is not reached by a timing clock
Related violations: <none>

TIMING-17#346 Critical Warning
Non-clocked sequential cell  
The clock pin uartMyKeyboardToMyBasys/receiver/data_out_reg[7]_rep__26/C is not reached by a timing clock
Related violations: <none>

TIMING-17#347 Critical Warning
Non-clocked sequential cell  
The clock pin uartMyKeyboardToMyBasys/receiver/data_out_reg[7]_rep__27/C is not reached by a timing clock
Related violations: <none>

TIMING-17#348 Critical Warning
Non-clocked sequential cell  
The clock pin uartMyKeyboardToMyBasys/receiver/data_out_reg[7]_rep__28/C is not reached by a timing clock
Related violations: <none>

TIMING-17#349 Critical Warning
Non-clocked sequential cell  
The clock pin uartMyKeyboardToMyBasys/receiver/data_out_reg[7]_rep__29/C is not reached by a timing clock
Related violations: <none>

TIMING-17#350 Critical Warning
Non-clocked sequential cell  
The clock pin uartMyKeyboardToMyBasys/receiver/data_out_reg[7]_rep__3/C is not reached by a timing clock
Related violations: <none>

TIMING-17#351 Critical Warning
Non-clocked sequential cell  
The clock pin uartMyKeyboardToMyBasys/receiver/data_out_reg[7]_rep__30/C is not reached by a timing clock
Related violations: <none>

TIMING-17#352 Critical Warning
Non-clocked sequential cell  
The clock pin uartMyKeyboardToMyBasys/receiver/data_out_reg[7]_rep__31/C is not reached by a timing clock
Related violations: <none>

TIMING-17#353 Critical Warning
Non-clocked sequential cell  
The clock pin uartMyKeyboardToMyBasys/receiver/data_out_reg[7]_rep__32/C is not reached by a timing clock
Related violations: <none>

TIMING-17#354 Critical Warning
Non-clocked sequential cell  
The clock pin uartMyKeyboardToMyBasys/receiver/data_out_reg[7]_rep__33/C is not reached by a timing clock
Related violations: <none>

TIMING-17#355 Critical Warning
Non-clocked sequential cell  
The clock pin uartMyKeyboardToMyBasys/receiver/data_out_reg[7]_rep__34/C is not reached by a timing clock
Related violations: <none>

TIMING-17#356 Critical Warning
Non-clocked sequential cell  
The clock pin uartMyKeyboardToMyBasys/receiver/data_out_reg[7]_rep__35/C is not reached by a timing clock
Related violations: <none>

TIMING-17#357 Critical Warning
Non-clocked sequential cell  
The clock pin uartMyKeyboardToMyBasys/receiver/data_out_reg[7]_rep__36/C is not reached by a timing clock
Related violations: <none>

TIMING-17#358 Critical Warning
Non-clocked sequential cell  
The clock pin uartMyKeyboardToMyBasys/receiver/data_out_reg[7]_rep__37/C is not reached by a timing clock
Related violations: <none>

TIMING-17#359 Critical Warning
Non-clocked sequential cell  
The clock pin uartMyKeyboardToMyBasys/receiver/data_out_reg[7]_rep__38/C is not reached by a timing clock
Related violations: <none>

TIMING-17#360 Critical Warning
Non-clocked sequential cell  
The clock pin uartMyKeyboardToMyBasys/receiver/data_out_reg[7]_rep__39/C is not reached by a timing clock
Related violations: <none>

TIMING-17#361 Critical Warning
Non-clocked sequential cell  
The clock pin uartMyKeyboardToMyBasys/receiver/data_out_reg[7]_rep__4/C is not reached by a timing clock
Related violations: <none>

TIMING-17#362 Critical Warning
Non-clocked sequential cell  
The clock pin uartMyKeyboardToMyBasys/receiver/data_out_reg[7]_rep__40/C is not reached by a timing clock
Related violations: <none>

TIMING-17#363 Critical Warning
Non-clocked sequential cell  
The clock pin uartMyKeyboardToMyBasys/receiver/data_out_reg[7]_rep__41/C is not reached by a timing clock
Related violations: <none>

TIMING-17#364 Critical Warning
Non-clocked sequential cell  
The clock pin uartMyKeyboardToMyBasys/receiver/data_out_reg[7]_rep__42/C is not reached by a timing clock
Related violations: <none>

TIMING-17#365 Critical Warning
Non-clocked sequential cell  
The clock pin uartMyKeyboardToMyBasys/receiver/data_out_reg[7]_rep__43/C is not reached by a timing clock
Related violations: <none>

TIMING-17#366 Critical Warning
Non-clocked sequential cell  
The clock pin uartMyKeyboardToMyBasys/receiver/data_out_reg[7]_rep__44/C is not reached by a timing clock
Related violations: <none>

TIMING-17#367 Critical Warning
Non-clocked sequential cell  
The clock pin uartMyKeyboardToMyBasys/receiver/data_out_reg[7]_rep__45/C is not reached by a timing clock
Related violations: <none>

TIMING-17#368 Critical Warning
Non-clocked sequential cell  
The clock pin uartMyKeyboardToMyBasys/receiver/data_out_reg[7]_rep__46/C is not reached by a timing clock
Related violations: <none>

TIMING-17#369 Critical Warning
Non-clocked sequential cell  
The clock pin uartMyKeyboardToMyBasys/receiver/data_out_reg[7]_rep__47/C is not reached by a timing clock
Related violations: <none>

TIMING-17#370 Critical Warning
Non-clocked sequential cell  
The clock pin uartMyKeyboardToMyBasys/receiver/data_out_reg[7]_rep__48/C is not reached by a timing clock
Related violations: <none>

TIMING-17#371 Critical Warning
Non-clocked sequential cell  
The clock pin uartMyKeyboardToMyBasys/receiver/data_out_reg[7]_rep__49/C is not reached by a timing clock
Related violations: <none>

TIMING-17#372 Critical Warning
Non-clocked sequential cell  
The clock pin uartMyKeyboardToMyBasys/receiver/data_out_reg[7]_rep__5/C is not reached by a timing clock
Related violations: <none>

TIMING-17#373 Critical Warning
Non-clocked sequential cell  
The clock pin uartMyKeyboardToMyBasys/receiver/data_out_reg[7]_rep__50/C is not reached by a timing clock
Related violations: <none>

TIMING-17#374 Critical Warning
Non-clocked sequential cell  
The clock pin uartMyKeyboardToMyBasys/receiver/data_out_reg[7]_rep__51/C is not reached by a timing clock
Related violations: <none>

TIMING-17#375 Critical Warning
Non-clocked sequential cell  
The clock pin uartMyKeyboardToMyBasys/receiver/data_out_reg[7]_rep__52/C is not reached by a timing clock
Related violations: <none>

TIMING-17#376 Critical Warning
Non-clocked sequential cell  
The clock pin uartMyKeyboardToMyBasys/receiver/data_out_reg[7]_rep__53/C is not reached by a timing clock
Related violations: <none>

TIMING-17#377 Critical Warning
Non-clocked sequential cell  
The clock pin uartMyKeyboardToMyBasys/receiver/data_out_reg[7]_rep__54/C is not reached by a timing clock
Related violations: <none>

TIMING-17#378 Critical Warning
Non-clocked sequential cell  
The clock pin uartMyKeyboardToMyBasys/receiver/data_out_reg[7]_rep__55/C is not reached by a timing clock
Related violations: <none>

TIMING-17#379 Critical Warning
Non-clocked sequential cell  
The clock pin uartMyKeyboardToMyBasys/receiver/data_out_reg[7]_rep__56/C is not reached by a timing clock
Related violations: <none>

TIMING-17#380 Critical Warning
Non-clocked sequential cell  
The clock pin uartMyKeyboardToMyBasys/receiver/data_out_reg[7]_rep__57/C is not reached by a timing clock
Related violations: <none>

TIMING-17#381 Critical Warning
Non-clocked sequential cell  
The clock pin uartMyKeyboardToMyBasys/receiver/data_out_reg[7]_rep__58/C is not reached by a timing clock
Related violations: <none>

TIMING-17#382 Critical Warning
Non-clocked sequential cell  
The clock pin uartMyKeyboardToMyBasys/receiver/data_out_reg[7]_rep__59/C is not reached by a timing clock
Related violations: <none>

TIMING-17#383 Critical Warning
Non-clocked sequential cell  
The clock pin uartMyKeyboardToMyBasys/receiver/data_out_reg[7]_rep__6/C is not reached by a timing clock
Related violations: <none>

TIMING-17#384 Critical Warning
Non-clocked sequential cell  
The clock pin uartMyKeyboardToMyBasys/receiver/data_out_reg[7]_rep__60/C is not reached by a timing clock
Related violations: <none>

TIMING-17#385 Critical Warning
Non-clocked sequential cell  
The clock pin uartMyKeyboardToMyBasys/receiver/data_out_reg[7]_rep__7/C is not reached by a timing clock
Related violations: <none>

TIMING-17#386 Critical Warning
Non-clocked sequential cell  
The clock pin uartMyKeyboardToMyBasys/receiver/data_out_reg[7]_rep__8/C is not reached by a timing clock
Related violations: <none>

TIMING-17#387 Critical Warning
Non-clocked sequential cell  
The clock pin uartMyKeyboardToMyBasys/receiver/data_out_reg[7]_rep__9/C is not reached by a timing clock
Related violations: <none>

TIMING-17#388 Critical Warning
Non-clocked sequential cell  
The clock pin uartMyKeyboardToMyBasys/receiver/last_bit_reg/C is not reached by a timing clock
Related violations: <none>

TIMING-17#389 Critical Warning
Non-clocked sequential cell  
The clock pin uartMyKeyboardToMyBasys/receiver/received_reg/C is not reached by a timing clock
Related violations: <none>

TIMING-17#390 Critical Warning
Non-clocked sequential cell  
The clock pin uartMyKeyboardToMyBasys/receiver/receiving_reg/C is not reached by a timing clock
Related violations: <none>

TIMING-17#391 Critical Warning
Non-clocked sequential cell  
The clock pin uartMyKeyboardToMyBasys/transmitter/bit_out_reg/C is not reached by a timing clock
Related violations: <none>

TIMING-17#392 Critical Warning
Non-clocked sequential cell  
The clock pin uartMyKeyboardToMyBasys/transmitter/count_reg[0]/C is not reached by a timing clock
Related violations: <none>

TIMING-17#393 Critical Warning
Non-clocked sequential cell  
The clock pin uartMyKeyboardToMyBasys/transmitter/count_reg[1]/C is not reached by a timing clock
Related violations: <none>

TIMING-17#394 Critical Warning
Non-clocked sequential cell  
The clock pin uartMyKeyboardToMyBasys/transmitter/count_reg[2]/C is not reached by a timing clock
Related violations: <none>

TIMING-17#395 Critical Warning
Non-clocked sequential cell  
The clock pin uartMyKeyboardToMyBasys/transmitter/count_reg[3]/C is not reached by a timing clock
Related violations: <none>

TIMING-17#396 Critical Warning
Non-clocked sequential cell  
The clock pin uartMyKeyboardToMyBasys/transmitter/count_reg[4]/C is not reached by a timing clock
Related violations: <none>

TIMING-17#397 Critical Warning
Non-clocked sequential cell  
The clock pin uartMyKeyboardToMyBasys/transmitter/count_reg[5]/C is not reached by a timing clock
Related violations: <none>

TIMING-17#398 Critical Warning
Non-clocked sequential cell  
The clock pin uartMyKeyboardToMyBasys/transmitter/count_reg[6]/C is not reached by a timing clock
Related violations: <none>

TIMING-17#399 Critical Warning
Non-clocked sequential cell  
The clock pin uartMyKeyboardToMyBasys/transmitter/count_reg[7]/C is not reached by a timing clock
Related violations: <none>

TIMING-17#400 Critical Warning
Non-clocked sequential cell  
The clock pin uartMyKeyboardToMyBasys/transmitter/last_ena_reg/C is not reached by a timing clock
Related violations: <none>

TIMING-17#401 Critical Warning
Non-clocked sequential cell  
The clock pin uartMyKeyboardToMyBasys/transmitter/sending_reg/C is not reached by a timing clock
Related violations: <none>

TIMING-17#402 Critical Warning
Non-clocked sequential cell  
The clock pin uartMyKeyboardToMyBasys/transmitter/temp_reg[0]/C is not reached by a timing clock
Related violations: <none>

TIMING-17#403 Critical Warning
Non-clocked sequential cell  
The clock pin uartMyKeyboardToMyBasys/transmitter/temp_reg[1]/C is not reached by a timing clock
Related violations: <none>

TIMING-17#404 Critical Warning
Non-clocked sequential cell  
The clock pin uartMyKeyboardToMyBasys/transmitter/temp_reg[2]/C is not reached by a timing clock
Related violations: <none>

TIMING-17#405 Critical Warning
Non-clocked sequential cell  
The clock pin uartMyKeyboardToMyBasys/transmitter/temp_reg[3]/C is not reached by a timing clock
Related violations: <none>

TIMING-17#406 Critical Warning
Non-clocked sequential cell  
The clock pin uartMyKeyboardToMyBasys/transmitter/temp_reg[4]/C is not reached by a timing clock
Related violations: <none>

TIMING-17#407 Critical Warning
Non-clocked sequential cell  
The clock pin uartMyKeyboardToMyBasys/transmitter/temp_reg[5]/C is not reached by a timing clock
Related violations: <none>

TIMING-17#408 Critical Warning
Non-clocked sequential cell  
The clock pin uartMyKeyboardToMyBasys/transmitter/temp_reg[6]/C is not reached by a timing clock
Related violations: <none>

TIMING-17#409 Critical Warning
Non-clocked sequential cell  
The clock pin uartMyKeyboardToMyBasys/transmitter/temp_reg[7]/C is not reached by a timing clock
Related violations: <none>

TIMING-17#410 Critical Warning
Non-clocked sequential cell  
The clock pin vga/h_count_next_reg[0]/C is not reached by a timing clock
Related violations: <none>

TIMING-17#411 Critical Warning
Non-clocked sequential cell  
The clock pin vga/h_count_next_reg[1]/C is not reached by a timing clock
Related violations: <none>

TIMING-17#412 Critical Warning
Non-clocked sequential cell  
The clock pin vga/h_count_next_reg[2]/C is not reached by a timing clock
Related violations: <none>

TIMING-17#413 Critical Warning
Non-clocked sequential cell  
The clock pin vga/h_count_next_reg[3]/C is not reached by a timing clock
Related violations: <none>

TIMING-17#414 Critical Warning
Non-clocked sequential cell  
The clock pin vga/h_count_next_reg[4]/C is not reached by a timing clock
Related violations: <none>

TIMING-17#415 Critical Warning
Non-clocked sequential cell  
The clock pin vga/h_count_next_reg[5]/C is not reached by a timing clock
Related violations: <none>

TIMING-17#416 Critical Warning
Non-clocked sequential cell  
The clock pin vga/h_count_next_reg[6]/C is not reached by a timing clock
Related violations: <none>

TIMING-17#417 Critical Warning
Non-clocked sequential cell  
The clock pin vga/h_count_next_reg[7]/C is not reached by a timing clock
Related violations: <none>

TIMING-17#418 Critical Warning
Non-clocked sequential cell  
The clock pin vga/h_count_next_reg[8]/C is not reached by a timing clock
Related violations: <none>

TIMING-17#419 Critical Warning
Non-clocked sequential cell  
The clock pin vga/h_count_next_reg[9]/C is not reached by a timing clock
Related violations: <none>

TIMING-17#420 Critical Warning
Non-clocked sequential cell  
The clock pin vga/v_count_next_reg[0]/C is not reached by a timing clock
Related violations: <none>

TIMING-17#421 Critical Warning
Non-clocked sequential cell  
The clock pin vga/v_count_next_reg[1]/C is not reached by a timing clock
Related violations: <none>

TIMING-17#422 Critical Warning
Non-clocked sequential cell  
The clock pin vga/v_count_next_reg[2]/C is not reached by a timing clock
Related violations: <none>

TIMING-17#423 Critical Warning
Non-clocked sequential cell  
The clock pin vga/v_count_next_reg[3]/C is not reached by a timing clock
Related violations: <none>

TIMING-17#424 Critical Warning
Non-clocked sequential cell  
The clock pin vga/v_count_next_reg[4]/C is not reached by a timing clock
Related violations: <none>

TIMING-17#425 Critical Warning
Non-clocked sequential cell  
The clock pin vga/v_count_next_reg[5]/C is not reached by a timing clock
Related violations: <none>

TIMING-17#426 Critical Warning
Non-clocked sequential cell  
The clock pin vga/v_count_next_reg[6]/C is not reached by a timing clock
Related violations: <none>

TIMING-17#427 Critical Warning
Non-clocked sequential cell  
The clock pin vga/v_count_next_reg[7]/C is not reached by a timing clock
Related violations: <none>

TIMING-17#428 Critical Warning
Non-clocked sequential cell  
The clock pin vga/v_count_next_reg[8]/C is not reached by a timing clock
Related violations: <none>

TIMING-17#429 Critical Warning
Non-clocked sequential cell  
The clock pin vga/v_count_next_reg[9]/C is not reached by a timing clock
Related violations: <none>

LUTAR-1#1 Warning
LUT drives async reset alert  
LUT cell display_out_reg[0]_LDC_i_1, with 2 or more inputs, drives asynchronous preset/clear pin(s) display_out_reg[0]_P/PRE. The LUT may glitch and trigger an unexpected reset, even if it is a properly timed path.
Related violations: <none>

LUTAR-1#2 Warning
LUT drives async reset alert  
LUT cell display_out_reg[0]_LDC_i_2, with 2 or more inputs, drives asynchronous preset/clear pin(s) display_out_reg[0]_C/CLR, display_out_reg[0]_LDC/CLR. The LUT may glitch and trigger an unexpected reset, even if it is a properly timed path.
Related violations: <none>

LUTAR-1#3 Warning
LUT drives async reset alert  
LUT cell display_out_reg[1]_LDC_i_1, with 2 or more inputs, drives asynchronous preset/clear pin(s) display_out_reg[1]_P/PRE. The LUT may glitch and trigger an unexpected reset, even if it is a properly timed path.
Related violations: <none>

LUTAR-1#4 Warning
LUT drives async reset alert  
LUT cell display_out_reg[1]_LDC_i_2, with 2 or more inputs, drives asynchronous preset/clear pin(s) display_out_reg[1]_C/CLR, display_out_reg[1]_LDC/CLR. The LUT may glitch and trigger an unexpected reset, even if it is a properly timed path.
Related violations: <none>

LUTAR-1#5 Warning
LUT drives async reset alert  
LUT cell display_out_reg[2]_LDC_i_1, with 2 or more inputs, drives asynchronous preset/clear pin(s) display_out_reg[2]_P/PRE. The LUT may glitch and trigger an unexpected reset, even if it is a properly timed path.
Related violations: <none>

LUTAR-1#6 Warning
LUT drives async reset alert  
LUT cell display_out_reg[2]_LDC_i_2, with 2 or more inputs, drives asynchronous preset/clear pin(s) display_out_reg[2]_C/CLR, display_out_reg[2]_LDC/CLR. The LUT may glitch and trigger an unexpected reset, even if it is a properly timed path.
Related violations: <none>

LUTAR-1#7 Warning
LUT drives async reset alert  
LUT cell display_out_reg[3]_LDC_i_1, with 2 or more inputs, drives asynchronous preset/clear pin(s) display_out_reg[3]_P/PRE. The LUT may glitch and trigger an unexpected reset, even if it is a properly timed path.
Related violations: <none>

LUTAR-1#8 Warning
LUT drives async reset alert  
LUT cell display_out_reg[3]_LDC_i_2, with 2 or more inputs, drives asynchronous preset/clear pin(s) display_out_reg[3]_C/CLR, display_out_reg[3]_LDC/CLR. The LUT may glitch and trigger an unexpected reset, even if it is a properly timed path.
Related violations: <none>

LUTAR-1#9 Warning
LUT drives async reset alert  
LUT cell display_out_reg[4]_LDC_i_1, with 2 or more inputs, drives asynchronous preset/clear pin(s) display_out_reg[4]_P/PRE. The LUT may glitch and trigger an unexpected reset, even if it is a properly timed path.
Related violations: <none>

LUTAR-1#10 Warning
LUT drives async reset alert  
LUT cell display_out_reg[4]_LDC_i_2, with 2 or more inputs, drives asynchronous preset/clear pin(s) display_out_reg[4]_C/CLR, display_out_reg[4]_LDC/CLR. The LUT may glitch and trigger an unexpected reset, even if it is a properly timed path.
Related violations: <none>

LUTAR-1#11 Warning
LUT drives async reset alert  
LUT cell display_out_reg[5]_LDC_i_1, with 2 or more inputs, drives asynchronous preset/clear pin(s) display_out_reg[5]_P/PRE. The LUT may glitch and trigger an unexpected reset, even if it is a properly timed path.
Related violations: <none>

LUTAR-1#12 Warning
LUT drives async reset alert  
LUT cell display_out_reg[5]_LDC_i_2, with 2 or more inputs, drives asynchronous preset/clear pin(s) display_out_reg[5]_C/CLR, display_out_reg[5]_LDC/CLR. The LUT may glitch and trigger an unexpected reset, even if it is a properly timed path.
Related violations: <none>

LUTAR-1#13 Warning
LUT drives async reset alert  
LUT cell display_out_reg[6]_LDC_i_1, with 2 or more inputs, drives asynchronous preset/clear pin(s) display_out_reg[6]_P/PRE. The LUT may glitch and trigger an unexpected reset, even if it is a properly timed path.
Related violations: <none>

LUTAR-1#14 Warning
LUT drives async reset alert  
LUT cell display_out_reg[6]_LDC_i_2, with 2 or more inputs, drives asynchronous preset/clear pin(s) display_out_reg[6]_C/CLR, display_out_reg[6]_LDC/CLR. The LUT may glitch and trigger an unexpected reset, even if it is a properly timed path.
Related violations: <none>

LUTAR-1#15 Warning
LUT drives async reset alert  
LUT cell display_out_reg[7]_LDC_i_1, with 2 or more inputs, drives asynchronous preset/clear pin(s) display_out_reg[7]_P/PRE. The LUT may glitch and trigger an unexpected reset, even if it is a properly timed path.
Related violations: <none>

LUTAR-1#16 Warning
LUT drives async reset alert  
LUT cell display_out_reg[7]_LDC_i_2, with 2 or more inputs, drives asynchronous preset/clear pin(s) display_out_reg[7]_C/CLR, display_out_reg[7]_LDC/CLR. The LUT may glitch and trigger an unexpected reset, even if it is a properly timed path.
Related violations: <none>

TIMING-18#1 Warning
Missing input or output delay  
An input delay is missing on reset relative to the rising and/or falling clock edge(s) of sys_clk_pin.
Related violations: <none>

TIMING-18#2 Warning
Missing input or output delay  
An output delay is missing on hsync relative to the rising and/or falling clock edge(s) of sys_clk_pin.
Related violations: <none>

TIMING-18#3 Warning
Missing input or output delay  
An output delay is missing on rgb[0] relative to the rising and/or falling clock edge(s) of sys_clk_pin.
Related violations: <none>

TIMING-18#4 Warning
Missing input or output delay  
An output delay is missing on rgb[10] relative to the rising and/or falling clock edge(s) of sys_clk_pin.
Related violations: <none>

TIMING-18#5 Warning
Missing input or output delay  
An output delay is missing on rgb[11] relative to the rising and/or falling clock edge(s) of sys_clk_pin.
Related violations: <none>

TIMING-18#6 Warning
Missing input or output delay  
An output delay is missing on rgb[1] relative to the rising and/or falling clock edge(s) of sys_clk_pin.
Related violations: <none>

TIMING-18#7 Warning
Missing input or output delay  
An output delay is missing on rgb[2] relative to the rising and/or falling clock edge(s) of sys_clk_pin.
Related violations: <none>

TIMING-18#8 Warning
Missing input or output delay  
An output delay is missing on rgb[3] relative to the rising and/or falling clock edge(s) of sys_clk_pin.
Related violations: <none>

TIMING-18#9 Warning
Missing input or output delay  
An output delay is missing on rgb[4] relative to the rising and/or falling clock edge(s) of sys_clk_pin.
Related violations: <none>

TIMING-18#10 Warning
Missing input or output delay  
An output delay is missing on rgb[5] relative to the rising and/or falling clock edge(s) of sys_clk_pin.
Related violations: <none>

TIMING-18#11 Warning
Missing input or output delay  
An output delay is missing on rgb[6] relative to the rising and/or falling clock edge(s) of sys_clk_pin.
Related violations: <none>

TIMING-18#12 Warning
Missing input or output delay  
An output delay is missing on rgb[7] relative to the rising and/or falling clock edge(s) of sys_clk_pin.
Related violations: <none>

TIMING-18#13 Warning
Missing input or output delay  
An output delay is missing on rgb[8] relative to the rising and/or falling clock edge(s) of sys_clk_pin.
Related violations: <none>

TIMING-18#14 Warning
Missing input or output delay  
An output delay is missing on rgb[9] relative to the rising and/or falling clock edge(s) of sys_clk_pin.
Related violations: <none>

TIMING-18#15 Warning
Missing input or output delay  
An output delay is missing on vsync relative to the rising and/or falling clock edge(s) of sys_clk_pin.
Related violations: <none>

TIMING-20#1 Warning
Non-clocked latch  
The latch display_out_reg[0]_LDC cannot be properly analyzed as its control pin display_out_reg[0]_LDC/G is not reached by a timing clock
Related violations: <none>

TIMING-20#2 Warning
Non-clocked latch  
The latch display_out_reg[1]_LDC cannot be properly analyzed as its control pin display_out_reg[1]_LDC/G is not reached by a timing clock
Related violations: <none>

TIMING-20#3 Warning
Non-clocked latch  
The latch display_out_reg[2]_LDC cannot be properly analyzed as its control pin display_out_reg[2]_LDC/G is not reached by a timing clock
Related violations: <none>

TIMING-20#4 Warning
Non-clocked latch  
The latch display_out_reg[3]_LDC cannot be properly analyzed as its control pin display_out_reg[3]_LDC/G is not reached by a timing clock
Related violations: <none>

TIMING-20#5 Warning
Non-clocked latch  
The latch display_out_reg[4]_LDC cannot be properly analyzed as its control pin display_out_reg[4]_LDC/G is not reached by a timing clock
Related violations: <none>

TIMING-20#6 Warning
Non-clocked latch  
The latch display_out_reg[5]_LDC cannot be properly analyzed as its control pin display_out_reg[5]_LDC/G is not reached by a timing clock
Related violations: <none>

TIMING-20#7 Warning
Non-clocked latch  
The latch display_out_reg[6]_LDC cannot be properly analyzed as its control pin display_out_reg[6]_LDC/G is not reached by a timing clock
Related violations: <none>

TIMING-20#8 Warning
Non-clocked latch  
The latch display_out_reg[7]_LDC cannot be properly analyzed as its control pin display_out_reg[7]_LDC/G is not reached by a timing clock
Related violations: <none>

ULMTCS-2#1 Warning
Control Sets use limits require reduction  
This design uses 4158 control sets (vs. available limit of 8150, determined by 1 control set per CLB). This exceeds the control set use guideline of 15 percent. This is at a level where reduction is REQUIRED (see UG949). Use report_control_sets to get more details.
Related violations: <none>

LATCH-1#1 Advisory
Existing latches in the design  
There are 8 latches found in the design. Inferred latches are often the result of HDL coding mistakes, such as incomplete if or case statements.
Related violations: <none>


